<?xml version="1.0" encoding="UTF-8"?>
<!-- Generated by org.testng.reporters.JUnitReportReporter -->
<testsuite hostname="Ammu-PC" name="com.test.autiomation.UIAutomation1.signinpage.TC001_loginToAuthenticationpage" tests="1" failures="0" timestamp="21 Sep 2017 23:26:19 GMT" time="2.085" errors="0">
  <testcase name="loginToAuthenticationpageTest" time="2.085" classname="com.test.autiomation.UIAutomation1.signinpage.TC001_loginToAuthenticationpage"/>
</testsuite> <!-- com.test.autiomation.UIAutomation1.signinpage.TC001_loginToAuthenticationpage -->
