<?xml version="1.0" encoding="UTF-8"?>
<!-- Generated by org.testng.reporters.JUnitReportReporter -->
<testsuite hostname="Ammu-PC" name="testNG.Annotations" tests="2" failures="0" timestamp="2 Oct 2017 00:01:17 GMT" time="0.013" errors="0">
  <testcase name="test2" time="0.004" classname="testNG.Annotations"/>
  <testcase name="test1" time="0.009" classname="testNG.Annotations"/>
</testsuite> <!-- testNG.Annotations -->
