<?xml version="1.0" encoding="UTF-8"?>
<!-- Generated by org.testng.reporters.JUnitReportReporter -->
<testsuite hostname="Ammu-PC" name="testNG.GroupTest" tests="1" failures="0" timestamp="2 Oct 2017 00:02:25 GMT" time="0.014" errors="0">
  <testcase name="test2" time="0.014" classname="testNG.GroupTest"/>
</testsuite> <!-- testNG.GroupTest -->
