<?xml version="1.0" encoding="UTF-8"?>
<!-- Generated by org.testng.reporters.JUnitReportReporter -->
<testsuite hostname="Ammu-PC" name="testNG.Annotations" tests="2" failures="0" timestamp="28 Feb 2018 20:32:52 GMT" time="0.014" errors="0">
  <testcase name="test1" time="0.011" classname="testNG.Annotations"/>
  <testcase name="test2" time="0.003" classname="testNG.Annotations"/>
</testsuite> <!-- testNG.Annotations -->
