<?xml version="1.0" encoding="UTF-8"?>
<!-- Generated by org.testng.reporters.JUnitReportReporter -->
<testsuite hostname="Ammu-PC" name="com.test.automation.UIAutomation2.signinPage.TC001_genericmethods" tests="1" failures="0" timestamp="25 Sep 2017 21:53:27 GMT" time="0.397" errors="0">
  <testcase name="genericMethodTest" time="0.397" classname="com.test.automation.UIAutomation2.signinPage.TC001_genericmethods"/>
</testsuite> <!-- com.test.automation.UIAutomation2.signinPage.TC001_genericmethods -->
