<?xml version="1.0" encoding="UTF-8"?>
<!-- Generated by org.testng.reporters.JUnitReportReporter -->
<testsuite hostname="Ammu-PC" name="com.test.automation.uiAutomation.createAccountPage.TC001_verifyLoginWithInvalidCredentials" tests="1" failures="0" timestamp="21 Sep 2017 05:36:58 GMT" time="4.091" errors="0">
  <testcase name="verifyLoginWithInvalidCredentials" time="4.091" classname="com.test.automation.uiAutomation.createAccountPage.TC001_verifyLoginWithInvalidCredentials"/>
</testsuite> <!-- com.test.automation.uiAutomation.createAccountPage.TC001_verifyLoginWithInvalidCredentials -->
