<?xml version="1.0" encoding="UTF-8"?>
<!-- Generated by org.testng.reporters.JUnitReportReporter -->
<testsuite hostname="Ammu-PC" name="com.test.automation.uiAutomation.signinpage.signInToCreateAccount" tests="1" failures="0" timestamp="21 Sep 2017 20:54:49 GMT" time="2.559" errors="0">
  <testcase name="verifySignInToCreateAccount" time="2.559" classname="com.test.automation.uiAutomation.signinpage.signInToCreateAccount"/>
</testsuite> <!-- com.test.automation.uiAutomation.signinpage.signInToCreateAccount -->
