<?xml version="1.0" encoding="UTF-8"?>
<!-- Generated by org.testng.reporters.JUnitReportReporter -->
<testsuite hostname="Ammu-PC" name="testScripts.TC002_verifyMultipleWindows" tests="1" failures="0" timestamp="26 Sep 2017 03:42:15 GMT" time="0.791" errors="0">
  <testcase name="test" time="0.791" classname="testScripts.TC002_verifyMultipleWindows"/>
</testsuite> <!-- testScripts.TC002_verifyMultipleWindows -->
