<?xml version="1.0" encoding="UTF-8"?>
<!-- Generated by org.testng.reporters.JUnitReportReporter -->
<testsuite hostname="Ammu-PC" name="testScripts.TC001_selectProducts" tests="1" failures="0" timestamp="26 Sep 2017 03:25:13 GMT" time="4.715" errors="0">
  <testcase name="test" time="4.715" classname="testScripts.TC001_selectProducts"/>
</testsuite> <!-- testScripts.TC001_selectProducts -->
