<?xml version="1.0" encoding="UTF-8"?>
<!-- Generated by org.testng.reporters.JUnitReportReporter -->
<testsuite skipped="0" hostname="Ammu-PC" name="SeleniumBasics.SeleniumBasics.ZoomInZoomOut" tests="1" failures="0" timestamp="27 Feb 2018 21:57:59 GMT" time="17.379" errors="0">
  <testcase name="Test" time="17.379" classname="SeleniumBasics.SeleniumBasics.ZoomInZoomOut"/>
</testsuite> <!-- SeleniumBasics.SeleniumBasics.ZoomInZoomOut -->
