<?xml version="1.0" encoding="UTF-8"?>
<!-- Generated by org.testng.reporters.JUnitReportReporter -->
<testsuite skipped="0" hostname="Ammu-PC" name="SeleniumBasics.SeleniumBasics.PriceFilter" tests="1" failures="0" timestamp="28 Feb 2018 01:28:03 GMT" time="30.838" errors="0">
  <testcase name="Test" time="30.838" classname="SeleniumBasics.SeleniumBasics.PriceFilter"/>
</testsuite> <!-- SeleniumBasics.SeleniumBasics.PriceFilter -->
